2021-09-10T16:16:26.433Z  info: New Secret Added
2021-09-10T16:16:26.436Z  info: Secret: a
2021-09-10T16:16:26.746Z  info: user: vf-root\mokones

2021-09-10T16:19:27.110Z  info: New Secret Added
2021-09-10T16:19:27.114Z  info: Secret: 
2021-09-10T16:19:27.397Z  info: user: vf-root\mokones

2021-09-10T16:22:34.253Z  info: New Secret Added
2021-09-10T16:22:34.257Z  info: Secret: loweeeeeeeeeeeeeeeeeeeeeeee
2021-09-10T16:22:34.471Z  info: user: vf-root\mokones

2021-09-13T11:10:02.468Z  info: New Secret Added
2021-09-13T11:10:02.474Z  info: Secret: a
2021-09-13T11:10:02.802Z  info: user: VF-ROOT+mokones

2021-09-13T11:22:15.779Z  info: New Secret Added
2021-09-13T11:22:15.784Z  info: Secret: silasmokone
2021-09-13T11:22:16.034Z  info: user: VF-ROOT+mokones

2021-09-13T11:28:22.515Z  info: New Secret Added
2021-09-13T11:28:22.518Z  info: Secret: mokonekarabo
2021-09-13T11:28:22.752Z  info: user: VF-ROOT+mokones

2021-09-13T11:36:16.096Z  info: New Secret Added
2021-09-13T11:36:16.099Z  info: Secret: 
2021-09-13T11:36:16.387Z  info: user: VF-ROOT+mokones

2021-09-13T11:37:34.366Z  info: New Secret Added
2021-09-13T11:37:34.372Z  info: Secret: 
2021-09-13T11:37:34.723Z  info: user: VF-ROOT+mokones

2021-09-13T11:38:01.116Z  info: New Secret Added
2021-09-13T11:38:01.121Z  info: Secret: karabo
2021-09-13T11:38:01.371Z  info: user: VF-ROOT+mokones

2021-09-13T11:47:58.123Z  info: New Secret Added
2021-09-13T11:47:58.128Z  info: Secret: a
2021-09-13T11:47:58.491Z  info: user: VF-ROOT+mokones

2021-09-13T11:51:22.405Z  info: New Secret Added
2021-09-13T11:51:22.409Z  info: Secret: gggggg
2021-09-13T11:51:22.779Z  info: user: VF-ROOT+mokones

2021-09-13T11:53:32.818Z  info: New Secret Added
2021-09-13T11:53:32.822Z  info: Secret: phemelo
2021-09-13T11:53:33.088Z  info: user: VF-ROOT+mokones

2021-09-13T12:39:07.988Z  info: New Secret Added
2021-09-13T12:39:07.991Z  info: Secret: mokone
2021-09-13T12:39:08.268Z  info: user: VF-ROOT+mokones

2021-09-13T12:41:25.779Z  info: New Secret Added
2021-09-13T12:41:25.782Z  info: Secret: matodi
2021-09-13T12:41:26.114Z  info: user: VF-ROOT+mokones

2021-09-13T12:46:49.240Z  info: New Secret Added
2021-09-13T12:46:49.243Z  info: Secret: x
2021-09-13T12:46:49.728Z  info: user: VF-ROOT+mokones

2021-09-13T12:48:28.251Z  info: New Secret Added
2021-09-13T12:48:28.255Z  info: Secret: kagiso
2021-09-13T12:48:28.617Z  info: user: VF-ROOT+mokones

2021-09-13T12:52:24.580Z  info: New Secret Added
2021-09-13T12:52:24.584Z  info: Secret: pure
2021-09-13T12:52:24.955Z  info: user: VF-ROOT+mokones

2021-09-13T13:10:35.986Z  info: New Secret Added
2021-09-13T13:10:35.991Z  info: Secret: kruger
2021-09-13T13:10:36.261Z  info: user: VF-ROOT+mokones

2021-09-13T13:13:27.084Z  info: New Secret Added
2021-09-13T13:13:27.088Z  info: Secret: t
2021-09-13T13:13:27.460Z  info: user: VF-ROOT+mokones

2021-09-13T13:14:41.275Z  info: New Secret Added
2021-09-13T13:14:41.280Z  info: Secret: q
2021-09-13T13:14:41.638Z  info: user: VF-ROOT+mokones

2021-09-13T13:19:27.622Z  info: New Secret Added
2021-09-13T13:19:27.626Z  info: Secret: t
2021-09-13T13:19:27.907Z  info: user: VF-ROOT+mokones

2021-09-13T13:21:11.539Z  info: New Secret Added
2021-09-13T13:21:11.542Z  info: Secret: ioo
2021-09-13T13:21:11.844Z  info: user: VF-ROOT+mokones

2021-09-13T13:21:59.633Z  info: New Secret Added
2021-09-13T13:21:59.635Z  info: Secret: po
2021-09-13T13:21:59.966Z  info: user: VF-ROOT+mokones

2021-09-13T13:27:04.049Z  info: New Secret Added
2021-09-13T13:27:37.668Z  info: New Secret Added
2021-09-13T13:29:40.839Z  info: New Secret Added
2021-09-13T13:34:03.899Z  info: user: VF-ROOT+mokones

2021-09-13T13:34:24.356Z  info: New Secret Added
2021-09-13T13:34:24.358Z  info: Secret: peter
2021-09-13T13:38:31.322Z  info: user: VF-ROOT+mokones

2021-09-13T13:38:39.100Z  info: user: VF-ROOT+mokones

2021-09-13T13:46:12.379Z  info: user: VF-ROOT+mokones

2021-09-13T13:46:23.414Z  info: New Secret Added
2021-09-13T13:47:25.126Z  info: user: VF-ROOT+mokones

2021-09-13T13:47:40.677Z  info: New Secret Added
2021-09-13T13:53:39.296Z  info: user: VF-ROOT+mokones

2021-09-13T13:55:40.897Z  info: user: VF-ROOT+mokones

2021-09-13T13:56:00.692Z  info: New Secret Added
2021-09-13T13:56:00.693Z  info: Secret: code
2021-09-13T14:47:02.297Z  info: user: VF-ROOT+mokones

2021-09-13T14:47:14.496Z  info: New Secret Added
2021-09-13T14:47:14.497Z  info: Secret: k
2021-09-13T14:47:14.761Z  info: user: VF-ROOT+mokones

2021-09-13T15:45:50.096Z  info: New Secret Added
2021-09-13T15:45:50.099Z  info: Secret: a
2021-09-13T15:45:50.342Z  info: user: VF-ROOT+mokones

2021-09-13T15:48:04.346Z  info: New Secret Added
2021-09-13T15:48:04.348Z  info: Secret: mokone
2021-09-13T15:48:04.611Z  info: user: VF-ROOT+mokones

2021-09-13T15:50:16.176Z  info: New Secret Added
2021-09-13T15:50:16.178Z  info: Secret: a
2021-09-13T15:50:16.581Z  info: user: VF-ROOT+mokones

2021-09-13T15:51:16.044Z  info: New Secret Added
2021-09-13T15:52:01.805Z  info: New Secret Added
2021-09-13T15:53:57.212Z  info: New Secret Added
2021-09-13T15:54:41.255Z  info: New Secret Added
2021-09-13T15:59:46.256Z  info: New Secret Added
2021-09-13T15:59:46.259Z  info: Secret: 
2021-09-13T15:59:46.601Z  info: user: VF-ROOT+mokones

2021-09-13T16:02:22.246Z  info: New Secret Added
2021-09-13T16:02:22.248Z  info: Secret: power
2021-09-13T16:02:22.536Z  info: user: VF-ROOT+mokones

2021-09-13T16:04:19.950Z  info: New Secret Added
2021-09-13T16:04:19.953Z  info: Secret: worker
2021-09-13T16:04:20.226Z  info: user: VF-ROOT+mokones

2021-09-13T16:07:18.171Z  info: New Secret Added...saving the data to MONGODB...
2021-09-13T16:07:18.174Z  info: Secret: mokoena
2021-09-13T16:07:18.447Z  info: user: VF-ROOT+mokones

2021-09-13T16:08:48.454Z  info: New Secret Added.
2021-09-13T16:08:48.456Z  info: Secret: vodacom
2021-09-13T16:08:48.778Z  info: user: VF-ROOT+mokones

